{"/home/gragsdale/ls/core/js130/exercises/medium_challenges/diamond.js": {"path":"/home/gragsdale/ls/core/js130/exercises/medium_challenges/diamond.js","statementMap":{"0":{"start":{"line":1,"column":17},"end":{"line":1,"column":45}},"1":{"start":{"line":3,"column":16},"end":{"line":40,"column":1}},"2":{"start":{"line":5,"column":17},"end":{"line":5,"column":27}},"3":{"start":{"line":6,"column":16},"end":{"line":6,"column":17}},"4":{"start":{"line":8,"column":4},"end":{"line":13,"column":13}},"5":{"start":{"line":9,"column":6},"end":{"line":9,"column":33}},"6":{"start":{"line":9,"column":26},"end":{"line":9,"column":33}},"7":{"start":{"line":11,"column":6},"end":{"line":11,"column":64}},"8":{"start":{"line":12,"column":6},"end":{"line":12,"column":17}},"9":{"start":{"line":15,"column":4},"end":{"line":15,"column":18}},"10":{"start":{"line":19,"column":17},"end":{"line":19,"column":19}},"11":{"start":{"line":20,"column":16},"end":{"line":20,"column":40}},"12":{"start":{"line":22,"column":4},"end":{"line":27,"column":5}},"13":{"start":{"line":22,"column":21},"end":{"line":22,"column":22}},"14":{"start":{"line":23,"column":26},"end":{"line":23,"column":41}},"15":{"start":{"line":24,"column":24},"end":{"line":24,"column":49}},"16":{"start":{"line":25,"column":6},"end":{"line":25,"column":75}},"17":{"start":{"line":26,"column":6},"end":{"line":26,"column":17}},"18":{"start":{"line":29,"column":4},"end":{"line":29,"column":14}},"19":{"start":{"line":31,"column":4},"end":{"line":36,"column":5}},"20":{"start":{"line":31,"column":21},"end":{"line":31,"column":49}},"21":{"start":{"line":32,"column":26},"end":{"line":32,"column":41}},"22":{"start":{"line":33,"column":24},"end":{"line":33,"column":49}},"23":{"start":{"line":34,"column":6},"end":{"line":34,"column":75}},"24":{"start":{"line":35,"column":6},"end":{"line":35,"column":17}},"25":{"start":{"line":38,"column":4},"end":{"line":38,"column":18}},"26":{"start":{"line":42,"column":0},"end":{"line":42,"column":25}}},"fnMap":{"0":{"name":"(anonymous_0)","decl":{"start":{"line":4,"column":10},"end":{"line":4,"column":11}},"loc":{"start":{"line":4,"column":21},"end":{"line":16,"column":3}},"line":4},"1":{"name":"(anonymous_1)","decl":{"start":{"line":8,"column":31},"end":{"line":8,"column":32}},"loc":{"start":{"line":8,"column":41},"end":{"line":13,"column":5}},"line":8},"2":{"name":"(anonymous_2)","decl":{"start":{"line":18,"column":2},"end":{"line":18,"column":3}},"loc":{"start":{"line":18,"column":22},"end":{"line":39,"column":3}},"line":18}},"branchMap":{"0":{"loc":{"start":{"line":9,"column":6},"end":{"line":9,"column":33}},"type":"if","locations":[{"start":{"line":9,"column":6},"end":{"line":9,"column":33}},{"start":{},"end":{}}],"line":9}},"s":{"0":1,"1":1,"2":1,"3":1,"4":1,"5":26,"6":1,"7":25,"8":25,"9":1,"10":4,"11":4,"12":4,"13":4,"14":11,"15":11,"16":11,"17":11,"18":4,"19":4,"20":4,"21":7,"22":7,"23":7,"24":7,"25":4,"26":1},"f":{"0":1,"1":26,"2":4},"b":{"0":[1,25]},"_coverageSchema":"1a1c01bbd47fc00a2c39e90264f33305004495a9","hash":"9b3e4c07332cab4335bdb01ee3847800603dad3a"}
}
